c:\users\melsov\documents\ceez\lkhwin-2.0.7\x64\release\vc141.pdb
c:\users\melsov\documents\ceez\lkhwin-2.0.7\x64\release\chooseinitialtour.obj
c:\users\melsov\documents\ceez\lkhwin-2.0.7\x64\release\candidatereport.obj
c:\users\melsov\documents\ceez\lkhwin-2.0.7\x64\release\c.obj
c:\users\melsov\documents\ceez\lkhwin-2.0.7\x64\release\buildkdtree.obj
c:\users\melsov\documents\ceez\lkhwin-2.0.7\x64\release\bridgegain.obj
c:\users\melsov\documents\ceez\lkhwin-2.0.7\x64\release\between_ssl.obj
c:\users\melsov\documents\ceez\lkhwin-2.0.7\x64\release\between_sl.obj
c:\users\melsov\documents\ceez\lkhwin-2.0.7\x64\release\between.obj
c:\users\melsov\documents\ceez\lkhwin-2.0.7\x64\release\bestkoptmove.obj
c:\users\melsov\documents\ceez\lkhwin-2.0.7\x64\release\best5optmove.obj
c:\users\melsov\documents\ceez\lkhwin-2.0.7\x64\release\best4optmove.obj
c:\users\melsov\documents\ceez\lkhwin-2.0.7\x64\release\best3optmove.obj
c:\users\melsov\documents\ceez\lkhwin-2.0.7\x64\release\best2optmove.obj
c:\users\melsov\documents\ceez\lkhwin-2.0.7\x64\release\ascent.obj
c:\users\melsov\documents\ceez\lkhwin-2.0.7\x64\release\allocatestructures.obj
c:\users\melsov\documents\ceez\lkhwin-2.0.7\x64\release\adjustcandidateset.obj
c:\users\melsov\documents\ceez\lkhwin-2.0.7\x64\release\addtourcandidates.obj
c:\users\melsov\documents\ceez\lkhwin-2.0.7\x64\release\addextracandidates.obj
c:\users\melsov\documents\ceez\lkhwin-2.0.7\x64\release\addcandidate.obj
c:\users\melsov\documents\ceez\lkhwin-2.0.7\x64\release\activate.obj
c:\users\melsov\documents\ceez\lkhwin-2.0.7\x64\release\gain23.obj
c:\users\melsov\documents\ceez\lkhwin-2.0.7\x64\release\fscanint.obj
c:\users\melsov\documents\ceez\lkhwin-2.0.7\x64\release\freestructures.obj
c:\users\melsov\documents\ceez\lkhwin-2.0.7\x64\release\forbidden.obj
c:\users\melsov\documents\ceez\lkhwin-2.0.7\x64\release\flip_ssl.obj
c:\users\melsov\documents\ceez\lkhwin-2.0.7\x64\release\flip_sl.obj
c:\users\melsov\documents\ceez\lkhwin-2.0.7\x64\release\flip.obj
c:\users\melsov\documents\ceez\lkhwin-2.0.7\x64\release\fixedorcommoncandidates.obj
c:\users\melsov\documents\ceez\lkhwin-2.0.7\x64\release\findtour.obj
c:\users\melsov\documents\ceez\lkhwin-2.0.7\x64\release\exclude.obj
c:\users\melsov\documents\ceez\lkhwin-2.0.7\x64\release\excludable.obj
c:\users\melsov\documents\ceez\lkhwin-2.0.7\x64\release\erxt.obj
c:\users\melsov\documents\ceez\lkhwin-2.0.7\x64\release\eprintf.obj
c:\users\melsov\documents\ceez\lkhwin-2.0.7\x64\release\distance_special.obj
c:\users\melsov\documents\ceez\lkhwin-2.0.7\x64\release\distance.obj
c:\users\melsov\documents\ceez\lkhwin-2.0.7\x64\release\delaunay.obj
c:\users\melsov\documents\ceez\lkhwin-2.0.7\x64\release\createquadrantcandidateset.obj
c:\users\melsov\documents\ceez\lkhwin-2.0.7\x64\release\createdelaunaycandidateset.obj
c:\users\melsov\documents\ceez\lkhwin-2.0.7\x64\release\createcandidateset.obj
c:\users\melsov\documents\ceez\lkhwin-2.0.7\x64\release\connect.obj
c:\users\melsov\documents\ceez\lkhwin-2.0.7\x64\release\mergetourwithbesttour.obj
c:\users\melsov\documents\ceez\lkhwin-2.0.7\x64\release\makekoptmove.obj
c:\users\melsov\documents\ceez\lkhwin-2.0.7\x64\release\make5optmove.obj
c:\users\melsov\documents\ceez\lkhwin-2.0.7\x64\release\make4optmove.obj
c:\users\melsov\documents\ceez\lkhwin-2.0.7\x64\release\make3optmove.obj
c:\users\melsov\documents\ceez\lkhwin-2.0.7\x64\release\make2optmove.obj
c:\users\melsov\documents\ceez\lkhwin-2.0.7\x64\release\lkhmain.obj
c:\users\melsov\documents\ceez\lkhwin-2.0.7\x64\release\linkernighan.obj
c:\users\melsov\documents\ceez\lkhwin-2.0.7\x64\release\kswapkick.obj
c:\users\melsov\documents\ceez\lkhwin-2.0.7\x64\release\ispossiblecandidate.obj
c:\users\melsov\documents\ceez\lkhwin-2.0.7\x64\release\iscommonedge.obj
c:\users\melsov\documents\ceez\lkhwin-2.0.7\x64\release\iscandidate.obj
c:\users\melsov\documents\ceez\lkhwin-2.0.7\x64\release\isbackbonecandidate.obj
c:\users\melsov\documents\ceez\lkhwin-2.0.7\x64\release\heap.obj
c:\users\melsov\documents\ceez\lkhwin-2.0.7\x64\release\hashing.obj
c:\users\melsov\documents\ceez\lkhwin-2.0.7\x64\release\greedytour.obj
c:\users\melsov\documents\ceez\lkhwin-2.0.7\x64\release\gettime.obj
c:\users\melsov\documents\ceez\lkhwin-2.0.7\x64\release\geoconversion.obj
c:\users\melsov\documents\ceez\lkhwin-2.0.7\x64\release\genetic.obj
c:\users\melsov\documents\ceez\lkhwin-2.0.7\x64\release\generatecandidates.obj
c:\users\melsov\documents\ceez\lkhwin-2.0.7\x64\release\restoretour.obj
c:\users\melsov\documents\ceez\lkhwin-2.0.7\x64\release\resetcandidateset.obj
c:\users\melsov\documents\ceez\lkhwin-2.0.7\x64\release\removefirstactive.obj
c:\users\melsov\documents\ceez\lkhwin-2.0.7\x64\release\recordbettertour.obj
c:\users\melsov\documents\ceez\lkhwin-2.0.7\x64\release\recordbesttour.obj
c:\users\melsov\documents\ceez\lkhwin-2.0.7\x64\release\readproblem.obj
c:\users\melsov\documents\ceez\lkhwin-2.0.7\x64\release\readpenalties.obj
c:\users\melsov\documents\ceez\lkhwin-2.0.7\x64\release\readparameters.obj
c:\users\melsov\documents\ceez\lkhwin-2.0.7\x64\release\readline.obj
c:\users\melsov\documents\ceez\lkhwin-2.0.7\x64\release\readcandidates.obj
c:\users\melsov\documents\ceez\lkhwin-2.0.7\x64\release\random.obj
c:\users\melsov\documents\ceez\lkhwin-2.0.7\x64\release\printparameters.obj
c:\users\melsov\documents\ceez\lkhwin-2.0.7\x64\release\printff.obj
c:\users\melsov\documents\ceez\lkhwin-2.0.7\x64\release\patchcycles.obj
c:\users\melsov\documents\ceez\lkhwin-2.0.7\x64\release\ordercandidateset.obj
c:\users\melsov\documents\ceez\lkhwin-2.0.7\x64\release\normalizesegmentlist.obj
c:\users\melsov\documents\ceez\lkhwin-2.0.7\x64\release\normalizenodelist.obj
c:\users\melsov\documents\ceez\lkhwin-2.0.7\x64\release\minimumspanningtree.obj
c:\users\melsov\documents\ceez\lkhwin-2.0.7\x64\release\minimum1treecost.obj
c:\users\melsov\documents\ceez\lkhwin-2.0.7\x64\release\mergewithtour.obj
c:\users\melsov\documents\ceez\lkhwin-2.0.7\x64\release\writetour.obj
c:\users\melsov\documents\ceez\lkhwin-2.0.7\x64\release\writepenalties.obj
c:\users\melsov\documents\ceez\lkhwin-2.0.7\x64\release\writecandidates.obj
c:\users\melsov\documents\ceez\lkhwin-2.0.7\x64\release\trimcandidateset.obj
c:\users\melsov\documents\ceez\lkhwin-2.0.7\x64\release\symmetrizecandidateset.obj
c:\users\melsov\documents\ceez\lkhwin-2.0.7\x64\release\storetour.obj
c:\users\melsov\documents\ceez\lkhwin-2.0.7\x64\release\statistics.obj
c:\users\melsov\documents\ceez\lkhwin-2.0.7\x64\release\solvetoursegmentsubproblems.obj
c:\users\melsov\documents\ceez\lkhwin-2.0.7\x64\release\solvesubproblemborderproblems.obj
c:\users\melsov\documents\ceez\lkhwin-2.0.7\x64\release\solvesubproblem.obj
c:\users\melsov\documents\ceez\lkhwin-2.0.7\x64\release\solvesfcsubproblems.obj
c:\users\melsov\documents\ceez\lkhwin-2.0.7\x64\release\solverohesubproblems.obj
c:\users\melsov\documents\ceez\lkhwin-2.0.7\x64\release\solvekmeanssubproblems.obj
c:\users\melsov\documents\ceez\lkhwin-2.0.7\x64\release\solvekcentersubproblems.obj
c:\users\melsov\documents\ceez\lkhwin-2.0.7\x64\release\solvekarpsubproblems.obj
c:\users\melsov\documents\ceez\lkhwin-2.0.7\x64\release\solvedelaunaysubproblems.obj
c:\users\melsov\documents\ceez\lkhwin-2.0.7\x64\release\solvecompressedsubproblem.obj
c:\users\melsov\documents\ceez\lkhwin-2.0.7\x64\release\sfctour.obj
c:\users\melsov\documents\ceez\lkhwin-2.0.7\x64\release\sequence.obj
c:\users\melsov\documents\ceez\lkhwin-2.0.7\x64\release\segmentsize.obj
c:\users\melsov\documents\ceez\lkhwin-2.0.7\x64\release\lkhsolve.obj
c:\users\melsov\documents\ceez\lkhwin-2.0.7\x64\release\lkh.exe
c:\users\melsov\documents\ceez\lkhwin-2.0.7\x64\release\lkh.pdb
c:\users\melsov\documents\ceez\lkhwin-2.0.7\x64\release\lkh.lib
c:\users\melsov\documents\ceez\lkhwin-2.0.7\x64\release\lkh.exp
c:\users\melsov\documents\ceez\lkhwin-2.0.7\x64\release\lkh.tlog\cl.command.1.tlog
c:\users\melsov\documents\ceez\lkhwin-2.0.7\x64\release\lkh.tlog\cl.read.1.tlog
c:\users\melsov\documents\ceez\lkhwin-2.0.7\x64\release\lkh.tlog\cl.write.1.tlog
c:\users\melsov\documents\ceez\lkhwin-2.0.7\x64\release\lkh.tlog\link.command.1.tlog
c:\users\melsov\documents\ceez\lkhwin-2.0.7\x64\release\lkh.tlog\link.read.1.tlog
c:\users\melsov\documents\ceez\lkhwin-2.0.7\x64\release\lkh.tlog\link.write.1.tlog
c:\users\melsov\documents\ceez\lkhwin-2.0.7\x64\release\lkh.tlog\lkh.write.1u.tlog
