  LKHSolve.cpp
  Activate.c
  AddCandidate.c
  AddExtraCandidates.c
  AddTourCandidates.c
  AdjustCandidateSet.c
  AllocateStructures.c
  Ascent.c
  Best2OptMove.c
  Best3OptMove.c
  Best4OptMove.c
  Best5OptMove.c
  BestKOptMove.c
  Between.c
  Between_SL.c
  Between_SSL.c
  BridgeGain.c
  BuildKDTree.c
  C.c
  CandidateReport.c
  ChooseInitialTour.c
  Generating Code...
  Compiling...
  Connect.c
  CreateCandidateSet.c
  CreateDelaunayCandidateSet.c
  CreateQuadrantCandidateSet.c
  Delaunay.c
  Distance.c
  Distance_SPECIAL.c
  eprintf.c
  ERXT.c
  Excludable.c
  Exclude.c
  FindTour.c
  FixedOrCommonCandidates.c
  Flip.c
  Flip_SL.c
  Flip_SSL.c
  Forbidden.c
  FreeStructures.c
  fscanint.c
  Gain23.c
  Generating Code...
  Compiling...
  GenerateCandidates.c
  Genetic.c
  GeoConversion.c
  GetTime.c
  GreedyTour.c
  Hashing.c
  Heap.c
  IsBackboneCandidate.c
  IsCandidate.c
  IsCommonEdge.c
  IsPossibleCandidate.c
  KSwapKick.c
  LinKernighan.c
  LKHmain.c
  Make2OptMove.c
  Make3OptMove.c
  Make4OptMove.c
  Make5OptMove.c
  MakeKOptMove.c
  MergeTourWithBestTour.c
  Generating Code...
  Compiling...
  MergeWithTour.c
  Minimum1TreeCost.c
  MinimumSpanningTree.c
  NormalizeNodeList.c
  NormalizeSegmentList.c
  OrderCandidateSet.c
  PatchCycles.c
  printff.c
  PrintParameters.c
  Random.c
  ReadCandidates.c
  ReadLine.c
  ReadParameters.c
c:\users\melsov\documents\ceez\lkhwin-2.0.7\src\readparameters.c(446): warning C4018: '<': signed/unsigned mismatch
  ReadPenalties.c
  ReadProblem.c
  RecordBestTour.c
  RecordBetterTour.c
  RemoveFirstActive.c
  ResetCandidateSet.c
  RestoreTour.c
  Generating Code...
  Compiling...
  SegmentSize.c
  Sequence.c
  SFCTour.c
  SolveCompressedSubproblem.c
  SolveDelaunaySubproblems.c
  SolveKarpSubproblems.c
  SolveKCenterSubproblems.c
  SolveKMeansSubproblems.c
  SolveRoheSubproblems.c
  SolveSFCSubproblems.c
  SolveSubproblem.c
  SolveSubproblemBorderProblems.c
  SolveTourSegmentSubproblems.c
  Statistics.c
  StoreTour.c
  SymmetrizeCandidateSet.c
  TrimCandidateSet.c
  WriteCandidates.c
  WritePenalties.c
  WriteTour.c
  Generating Code...
     Creating library C:\Users\melsov\Documents\ceez\LKHWin-2.0.7\x64\DLLConfig\lkh.lib and object C:\Users\melsov\Documents\ceez\LKHWin-2.0.7\x64\DLLConfig\lkh.exp
  lkh.vcxproj -> C:\Users\melsov\Documents\ceez\LKHWin-2.0.7\x64\DLLConfig\lkh.dll
